<?xml version="1.0" encoding="UTF-8"?>
<!-- Generated by org.testng.reporters.JUnitReportReporter -->
<testsuite hostname="LAPTOP-BIGCRPEL" failures="0" tests="1" name="api.postmanautomation.Bddgetreq01" time="1.691" errors="0" timestamp="2022-10-26T09:58:34 IST" skipped="0">
  <testcase classname="api.postmanautomation.Bddgetreq01" name="getrequestdemo" time="1.691"/>
  <system-out/>
</testsuite> <!-- api.postmanautomation.Bddgetreq01 -->
